Atmosphère Crash Report (v1.7):
Result:                          0x4A8 (2168-0002)

Process Info:
    Process Name:                Application
    Program ID:                  05446530aca7e000
    Process ID:                  000000000000008f
    Process Flags:               00000073
    User Exception Address:      000000007d7ed000
Exception Info:
    Type:                        Data Abort
    Address:                     0000000000000190
    Fault Address:               0000000000000000
Crashed Thread Info:
    Thread ID:                   0000000000000354
    Stack Region:                0000000070e11000-0000000070f11000
    Registers:
        X[00]:                   000000000000002f
        X[01]:                   000000000000003a
        X[02]:                   00000001d2103360
        X[03]:                   000000000000003a
        X[04]:                   00000000c0300c03
        X[05]:                   0400aa00aaa00000
        X[06]:                   00000001d1a49190 (eBookReaderSwitch + 0x118190)
        X[07]:                   0000000000000001
        X[08]:                   fefeff72656c6e71
        X[09]:                   7f7f7f7f7f7f7f7f
        X[10]:                   000000000000000e
        X[11]:                   0101010101010101
        X[12]:                   0000000000000028
        X[13]:                   0000000000000000
        X[14]:                   ffffffffffffffff
        X[15]:                   00000001d19562c0 (eBookReaderSwitch + 0x252c0)
        X[16]:                   00000001d1960ad0 (eBookReaderSwitch + 0x2fad0)
        X[17]:                   00000001d1956ba0 (eBookReaderSwitch + 0x25ba0)
        X[18]:                   00000001d1956aa0 (eBookReaderSwitch + 0x25aa0)
        X[19]:                   0000000e035b6f30
        X[20]:                   00000001d210337e
        X[21]:                   0000000000010000
        X[22]:                   0000000070f10e90
        X[23]:                   0000000070f10e88
        X[24]:                   0000000000000000
        X[25]:                   0000000000000000
        X[26]:                   ffffffffffffffff
        X[27]:                   0000000011600fb4
        X[28]:                   0000000070f11000
        FP:                      0000000070f10df0
        LR:                      00000001d1a48fc8 (eBookReaderSwitch + 0x117fc8)
        SP:                      0000000070f10df0
        PC:                      00000001d1a48fdc (eBookReaderSwitch + 0x117fdc)
    Stack Trace:
        ReturnAddress[00]:       00000001d1a491d4 (eBookReaderSwitch + 0x1181d4)
        ReturnAddress[01]:       00000001d20ff78c (eBookReaderSwitch + 0x7ce78c)
        ReturnAddress[02]:       00000001d20e7470 (eBookReaderSwitch + 0x7b6470)
        ReturnAddress[03]:       00000001d1bf87a0 (eBookReaderSwitch + 0x2c77a0)
        ReturnAddress[04]:       00000001d194214c (eBookReaderSwitch + 0x1114c)
        ReturnAddress[05]:       00000001d193ad28 (eBookReaderSwitch + 0x9d28)
        ReturnAddress[06]:       00000001d193a724 (eBookReaderSwitch + 0x9724)
        ReturnAddress[07]:       00000001d1935d90 (eBookReaderSwitch + 0x4d90)
        ReturnAddress[08]:       00000001d1932358 (eBookReaderSwitch + 0x1358)
        ReturnAddress[09]:       00000001d1932300 (eBookReaderSwitch + 0x1300)
        ReturnAddress[10]:       0000000000000000
    Stack Dump:                               00 01 02 03 04 05 06 07 08 09 0a 0b 0c 0d 0e 0f
                                 000070f10df0 40 0e f1 70 00 00 00 00 d4 91 a4 d1 01 00 00 00
                                 000070f10e00 30 6f 5b 03 0e 00 00 00 30 e6 38 d4 01 00 00 00
                                 000070f10e10 00 00 01 00 00 00 00 00 03 00 00 00 00 00 00 00
                                 000070f10e20 00 00 01 00 00 00 00 00 d0 1a 39 d4 01 00 00 00
                                 000070f10e30 b6 01 00 00 00 00 00 00 ff ff ff ff ff ff ff ff
                                 000070f10e40 a0 0e f1 70 00 00 00 00 8c f7 0f d2 01 00 00 00
                                 000070f10e50 04 00 00 00 00 00 00 00 78 33 10 d2 01 00 00 00
                                 000070f10e60 30 e6 38 d4 01 00 00 00 03 00 00 00 00 00 00 00
                                 000070f10e70 04 00 00 00 00 00 00 00 78 33 10 d2 01 00 00 00
                                 000070f10e80 a0 0e f1 70 00 00 00 00 7e 33 10 d2 01 00 00 00
                                 000070f10e90 00 00 00 00 00 00 00 00 78 33 10 d2 01 00 00 00
                                 000070f10ea0 f0 0e f1 70 00 00 00 00 70 74 0e d2 01 00 00 00
                                 000070f10eb0 08 85 61 03 0e 00 00 00 04 00 00 00 00 00 00 00
                                 000070f10ec0 30 e6 38 d4 01 00 00 00 78 33 10 d2 01 00 00 00
                                 000070f10ed0 00 70 c9 fc 0d 00 00 00 00 90 60 11 00 00 00 00
                                 000070f10ee0 08 90 60 11 00 00 00 00 78 33 10 d2 01 00 00 00
    TLS Address:                 000000007d7ed200
    TLS Dump:                                 00 01 02 03 04 05 06 07 08 09 0a 0b 0c 0d 0e 0f
                                 00007d7ed200 00 00 01 00 09 08 e0 03 00 00 28 00 70 09 f1 70
                                 00007d7ed210 53 46 43 4f 00 00 00 00 00 00 00 00 99 5d e2 a4
                                 00007d7ed220 00 00 00 00 00 00 00 00 00 00 00 00 00 00 00 00
                                 00007d7ed230 00 00 00 00 00 00 00 00 01 00 00 00 00 00 00 00
                                 00007d7ed240 03 00 73 01 06 41 28 c0 00 00 00 00 00 00 00 00
                                 00007d7ed250 28 00 73 01 70 09 f1 70 00 00 28 00 00 00 00 00
                                 00007d7ed260 00 00 00 00 18 00 00 00 b8 0b f1 70 00 00 18 00
                                 00007d7ed270 1e 00 00 00 00 00 00 00 8f 00 00 00 00 00 00 00
                                 00007d7ed280 00 00 00 00 00 00 00 00 00 00 00 00 00 00 00 00
                                 00007d7ed290 00 00 00 00 00 00 00 00 00 00 00 00 00 00 00 00
                                 00007d7ed2a0 00 00 00 00 00 00 00 00 00 00 00 00 00 00 00 00
                                 00007d7ed2b0 00 00 00 00 00 00 00 00 00 00 00 00 00 00 00 00
                                 00007d7ed2c0 00 00 00 00 00 00 00 00 00 00 00 00 00 00 00 00
                                 00007d7ed2d0 00 00 00 00 00 00 00 00 00 00 00 00 00 00 00 00
                                 00007d7ed2e0 00 00 00 00 00 00 00 00 00 00 00 00 00 00 00 00
                                 00007d7ed2f0 00 00 00 00 00 00 00 00 00 00 00 00 00 00 00 00
Module Info:
    Number of Modules:           01
    Module 00:
        Address:                 00000001d1931000-00000001d2101000
        Name:                    eBookReaderSwitch
        Module Id:               73274C87349684B1AE2968AF4F5F5EEB20DBD71E000000000000000000000000
Thread Report:
Number of Threads:               01
Threads[00]:
    Thread ID:                   0000000000000354
    Stack Region:                0000000070e11000-0000000070f11000
    Registers:
        X[00]:                   000000000000002f
        X[01]:                   000000000000003a
        X[02]:                   00000001d2103360
        X[03]:                   000000000000003a
        X[04]:                   00000000c0300c03
        X[05]:                   0400aa00aaa00000
        X[06]:                   00000001d1a49190 (eBookReaderSwitch + 0x118190)
        X[07]:                   0000000000000001
        X[08]:                   fefeff72656c6e71
        X[09]:                   7f7f7f7f7f7f7f7f
        X[10]:                   000000000000000e
        X[11]:                   0101010101010101
        X[12]:                   0000000000000028
        X[13]:                   0000000000000000
        X[14]:                   ffffffffffffffff
        X[15]:                   00000001d19562c0 (eBookReaderSwitch + 0x252c0)
        X[16]:                   00000001d1960ad0 (eBookReaderSwitch + 0x2fad0)
        X[17]:                   00000001d1956ba0 (eBookReaderSwitch + 0x25ba0)
        X[18]:                   00000001d1956aa0 (eBookReaderSwitch + 0x25aa0)
        X[19]:                   0000000e035b6f30
        X[20]:                   00000001d210337e
        X[21]:                   0000000000010000
        X[22]:                   0000000070f10e90
        X[23]:                   0000000070f10e88
        X[24]:                   0000000000000000
        X[25]:                   0000000000000000
        X[26]:                   ffffffffffffffff
        X[27]:                   0000000011600fb4
        X[28]:                   0000000070f11000
        FP:                      0000000070f10df0
        LR:                      00000001d1a48fc8 (eBookReaderSwitch + 0x117fc8)
        SP:                      0000000070f10df0
        PC:                      00000001d1a48fdc (eBookReaderSwitch + 0x117fdc)
    Stack Trace:
        ReturnAddress[00]:       00000001d1a491d4 (eBookReaderSwitch + 0x1181d4)
        ReturnAddress[01]:       00000001d20ff78c (eBookReaderSwitch + 0x7ce78c)
        ReturnAddress[02]:       00000001d20e7470 (eBookReaderSwitch + 0x7b6470)
        ReturnAddress[03]:       00000001d1bf87a0 (eBookReaderSwitch + 0x2c77a0)
        ReturnAddress[04]:       00000001d194214c (eBookReaderSwitch + 0x1114c)
        ReturnAddress[05]:       00000001d193ad28 (eBookReaderSwitch + 0x9d28)
        ReturnAddress[06]:       00000001d193a724 (eBookReaderSwitch + 0x9724)
        ReturnAddress[07]:       00000001d1935d90 (eBookReaderSwitch + 0x4d90)
        ReturnAddress[08]:       00000001d1932358 (eBookReaderSwitch + 0x1358)
        ReturnAddress[09]:       00000001d1932300 (eBookReaderSwitch + 0x1300)
        ReturnAddress[10]:       0000000000000000
    Stack Dump:                               00 01 02 03 04 05 06 07 08 09 0a 0b 0c 0d 0e 0f
                                 000070f10df0 40 0e f1 70 00 00 00 00 d4 91 a4 d1 01 00 00 00
                                 000070f10e00 30 6f 5b 03 0e 00 00 00 30 e6 38 d4 01 00 00 00
                                 000070f10e10 00 00 01 00 00 00 00 00 03 00 00 00 00 00 00 00
                                 000070f10e20 00 00 01 00 00 00 00 00 d0 1a 39 d4 01 00 00 00
                                 000070f10e30 b6 01 00 00 00 00 00 00 ff ff ff ff ff ff ff ff
                                 000070f10e40 a0 0e f1 70 00 00 00 00 8c f7 0f d2 01 00 00 00
                                 000070f10e50 04 00 00 00 00 00 00 00 78 33 10 d2 01 00 00 00
                                 000070f10e60 30 e6 38 d4 01 00 00 00 03 00 00 00 00 00 00 00
                                 000070f10e70 04 00 00 00 00 00 00 00 78 33 10 d2 01 00 00 00
                                 000070f10e80 a0 0e f1 70 00 00 00 00 7e 33 10 d2 01 00 00 00
                                 000070f10e90 00 00 00 00 00 00 00 00 78 33 10 d2 01 00 00 00
                                 000070f10ea0 f0 0e f1 70 00 00 00 00 70 74 0e d2 01 00 00 00
                                 000070f10eb0 08 85 61 03 0e 00 00 00 04 00 00 00 00 00 00 00
                                 000070f10ec0 30 e6 38 d4 01 00 00 00 78 33 10 d2 01 00 00 00
                                 000070f10ed0 00 70 c9 fc 0d 00 00 00 00 90 60 11 00 00 00 00
                                 000070f10ee0 08 90 60 11 00 00 00 00 78 33 10 d2 01 00 00 00
    TLS Address:                 000000007d7ed200
    TLS Dump:                                 00 01 02 03 04 05 06 07 08 09 0a 0b 0c 0d 0e 0f
                                 00007d7ed200 00 00 01 00 09 08 e0 03 00 00 28 00 70 09 f1 70
                                 00007d7ed210 53 46 43 4f 00 00 00 00 00 00 00 00 99 5d e2 a4
                                 00007d7ed220 00 00 00 00 00 00 00 00 00 00 00 00 00 00 00 00
                                 00007d7ed230 00 00 00 00 00 00 00 00 01 00 00 00 00 00 00 00
                                 00007d7ed240 03 00 73 01 06 41 28 c0 00 00 00 00 00 00 00 00
                                 00007d7ed250 28 00 73 01 70 09 f1 70 00 00 28 00 00 00 00 00
                                 00007d7ed260 00 00 00 00 18 00 00 00 b8 0b f1 70 00 00 18 00
                                 00007d7ed270 1e 00 00 00 00 00 00 00 8f 00 00 00 00 00 00 00
                                 00007d7ed280 00 00 00 00 00 00 00 00 00 00 00 00 00 00 00 00
                                 00007d7ed290 00 00 00 00 00 00 00 00 00 00 00 00 00 00 00 00
                                 00007d7ed2a0 00 00 00 00 00 00 00 00 00 00 00 00 00 00 00 00
                                 00007d7ed2b0 00 00 00 00 00 00 00 00 00 00 00 00 00 00 00 00
                                 00007d7ed2c0 00 00 00 00 00 00 00 00 00 00 00 00 00 00 00 00
                                 00007d7ed2d0 00 00 00 00 00 00 00 00 00 00 00 00 00 00 00 00
                                 00007d7ed2e0 00 00 00 00 00 00 00 00 00 00 00 00 00 00 00 00
                                 00007d7ed2f0 00 00 00 00 00 00 00 00 00 00 00 00 00 00 00 00
